<?xml version="1.0" encoding="UTF-8"?>
<!-- Generated by org.testng.reporters.JUnitXMLReporter -->
<testsuite ignored="1" hostname="DESKTOP-HOF3APB" failures="0" tests="1" name="Default test" time="12.122" errors="0" timestamp="2024-08-10T13:52:14 CDT">
  <testcase classname="test.LoginTest" name="validUserShouldBeAbleToLogin" time="12.059"/>
  <testcase classname="test.LoginTest" name="validateAlertMessages" time="0.0">
    <ignored/>
  </testcase> <!-- validateAlertMessages -->
</testsuite> <!-- Default test -->
